<?xml version="1.0" encoding="UTF-8"?>
<testng-results skipped="1" failed="0" total="1" passed="0">
  <reporter-output>
  </reporter-output>
  <suite name="Default suite" duration-ms="4229" started-at="2015-11-13T01:24:39Z" finished-at="2015-11-13T01:24:44Z">
    <groups>
    </groups>
    <test name="Default test" duration-ms="4229" started-at="2015-11-13T01:24:39Z" finished-at="2015-11-13T01:24:44Z">
      <class name="elastic.mapper.importer.SimpleAttachmentIntegrationTests">
        <test-method status="PASS" signature="setupServer()[pri:0, instance:elastic.mapper.importer.SimpleAttachmentIntegrationTests@69d9c55]" name="setupServer" is-config="true" duration-ms="4116" started-at="2015-11-12T17:24:39Z" finished-at="2015-11-12T17:24:44Z">
          <reporter-output>
          </reporter-output>
        </test-method> <!-- setupServer -->
        <test-method status="FAIL" signature="createIndex()[pri:0, instance:elastic.mapper.importer.SimpleAttachmentIntegrationTests@69d9c55]" name="createIndex" is-config="true" duration-ms="0" started-at="2015-11-12T17:24:44Z" finished-at="2015-11-12T17:24:44Z">
          <exception class="java.lang.NullPointerException">
            <full-stacktrace>
              <![CDATA[java.lang.NullPointerException
	at elastic.mapper.importer.SimpleAttachmentIntegrationTests.createIndex(SimpleAttachmentIntegrationTests.java:69)
	at sun.reflect.NativeMethodAccessorImpl.invoke0(Native Method)
	at sun.reflect.NativeMethodAccessorImpl.invoke(NativeMethodAccessorImpl.java:62)
	at sun.reflect.DelegatingMethodAccessorImpl.invoke(DelegatingMethodAccessorImpl.java:43)
	at java.lang.reflect.Method.invoke(Method.java:483)
	at org.testng.internal.MethodInvocationHelper.invokeMethod(MethodInvocationHelper.java:85)
	at org.testng.internal.Invoker.invokeConfigurationMethod(Invoker.java:510)
	at org.testng.internal.Invoker.invokeConfigurations(Invoker.java:211)
	at org.testng.internal.Invoker.invokeMethod(Invoker.java:585)
	at org.testng.internal.Invoker.invokeTestMethod(Invoker.java:816)
	at org.testng.internal.Invoker.invokeTestMethods(Invoker.java:1124)
	at org.testng.internal.TestMethodWorker.invokeTestMethods(TestMethodWorker.java:125)
	at org.testng.internal.TestMethodWorker.run(TestMethodWorker.java:108)
	at org.testng.TestRunner.privateRun(TestRunner.java:774)
	at org.testng.TestRunner.run(TestRunner.java:624)
	at org.testng.SuiteRunner.runTest(SuiteRunner.java:359)
	at org.testng.SuiteRunner.runSequentially(SuiteRunner.java:354)
	at org.testng.SuiteRunner.privateRun(SuiteRunner.java:312)
	at org.testng.SuiteRunner.run(SuiteRunner.java:261)
	at org.testng.SuiteRunnerWorker.runSuite(SuiteRunnerWorker.java:52)
	at org.testng.SuiteRunnerWorker.run(SuiteRunnerWorker.java:86)
	at org.testng.TestNG.runSuitesSequentially(TestNG.java:1215)
	at org.testng.TestNG.runSuitesLocally(TestNG.java:1140)
	at org.testng.TestNG.run(TestNG.java:1048)
	at org.testng.remote.RemoteTestNG.run(RemoteTestNG.java:112)
	at org.testng.remote.RemoteTestNG.initAndRun(RemoteTestNG.java:205)
	at org.testng.remote.RemoteTestNG.main(RemoteTestNG.java:176)
]]>
            </full-stacktrace>
          </exception> <!-- java.lang.NullPointerException -->
          <reporter-output>
          </reporter-output>
        </test-method> <!-- createIndex -->
        <test-method status="SKIP" signature="putJsonDocument(java.lang.String, java.lang.String, java.util.Date, [Ljava.lang.String;, java.lang.String)[pri:0, instance:elastic.mapper.importer.SimpleAttachmentIntegrationTests@69d9c55]" name="putJsonDocument" is-config="true" duration-ms="0" started-at="2015-11-12T17:24:44Z" finished-at="2015-11-12T17:24:44Z">
          <reporter-output>
          </reporter-output>
        </test-method> <!-- putJsonDocument -->
        <test-method status="SKIP" signature="testSimpleAttachment()[pri:0, instance:elastic.mapper.importer.SimpleAttachmentIntegrationTests@69d9c55]" name="testSimpleAttachment" duration-ms="9" started-at="2015-11-12T17:24:44Z" finished-at="2015-11-12T17:24:44Z">
          <reporter-output>
          </reporter-output>
        </test-method> <!-- testSimpleAttachment -->
        <test-method status="SKIP" signature="deleteIndex()[pri:0, instance:elastic.mapper.importer.SimpleAttachmentIntegrationTests@69d9c55]" name="deleteIndex" is-config="true" duration-ms="0" started-at="2015-11-12T17:24:44Z" finished-at="2015-11-12T17:24:44Z">
          <reporter-output>
          </reporter-output>
        </test-method> <!-- deleteIndex -->
        <test-method status="SKIP" signature="closeServer()[pri:0, instance:elastic.mapper.importer.SimpleAttachmentIntegrationTests@69d9c55]" name="closeServer" is-config="true" duration-ms="0" started-at="2015-11-12T17:24:44Z" finished-at="2015-11-12T17:24:44Z">
          <reporter-output>
          </reporter-output>
        </test-method> <!-- closeServer -->
      </class> <!-- elastic.mapper.importer.SimpleAttachmentIntegrationTests -->
    </test> <!-- Default test -->
  </suite> <!-- Default suite -->
</testng-results>
